<?xml version="1.0" encoding="UTF-8"?>
<testsuite name="testUI.CrearCuentaTest" tests="1" skipped="0" failures="0" errors="0" timestamp="2022-07-25T02:29:54" hostname="DIEGO_OFICIAL" time="9.153">
  <properties/>
  <testcase name="verificarCrearCrearCuenta()" classname="testUI.CrearCuentaTest" time="9.153"/>
  <system-out><![CDATA[]]></system-out>
  <system-err><![CDATA[SLF4J: Failed to load class "org.slf4j.impl.StaticLoggerBinder".
SLF4J: Defaulting to no-operation (NOP) logger implementation
SLF4J: See http://www.slf4j.org/codes.html#StaticLoggerBinder for further details.
Starting ChromeDriver 103.0.5060.134 (8ec6fce403b3feb0869b0732eda8bd95011d333c-refs/branch-heads/5060@{#1262}) on port 59676
Only local connections are allowed.
Please see https://chromedriver.chromium.org/security-considerations for suggestions on keeping ChromeDriver safe.
ChromeDriver was started successfully.
jul 24, 2022 10:29:56 PM org.openqa.selenium.remote.ProtocolHandshake createSession
INFORMACIÓN: Detected upstream dialect: W3C
jul 24, 2022 10:29:57 PM org.openqa.selenium.devtools.CdpVersionFinder findNearestMatch
INFORMACIÓN: Found exact CDP implementation for version 103
]]></system-err>
</testsuite>
